Determining if the pthread_create exist failed with the following output:
Change Dir: /home/limgw/ros/test_crp7_5g/ZED_OPC_BRIDGE/CMM/build/CMakeFiles/CMakeTmp

Run Build Command:"/usr/bin/make" "cmTC_6279e/fast"
/usr/bin/make -f CMakeFiles/cmTC_6279e.dir/build.make CMakeFiles/cmTC_6279e.dir/build
make[1]: Entering directory '/home/limgw/ros/test_crp7_5g/ZED_OPC_BRIDGE/CMM/build/CMakeFiles/CMakeTmp'
Building C object CMakeFiles/cmTC_6279e.dir/CheckSymbolExists.c.o
/usr/bin/cc    -o CMakeFiles/cmTC_6279e.dir/CheckSymbolExists.c.o   -c /home/limgw/ros/test_crp7_5g/ZED_OPC_BRIDGE/CMM/build/CMakeFiles/CMakeTmp/CheckSymbolExists.c
Linking C executable cmTC_6279e
/usr/bin/cmake -E cmake_link_script CMakeFiles/cmTC_6279e.dir/link.txt --verbose=1
/usr/bin/cc      -rdynamic CMakeFiles/cmTC_6279e.dir/CheckSymbolExists.c.o  -o cmTC_6279e 
CMakeFiles/cmTC_6279e.dir/CheckSymbolExists.c.o: In function `main':
CheckSymbolExists.c:(.text+0x1b): undefined reference to `pthread_create'
collect2: error: ld returned 1 exit status
CMakeFiles/cmTC_6279e.dir/build.make:97: recipe for target 'cmTC_6279e' failed
make[1]: *** [cmTC_6279e] Error 1
make[1]: Leaving directory '/home/limgw/ros/test_crp7_5g/ZED_OPC_BRIDGE/CMM/build/CMakeFiles/CMakeTmp'
Makefile:126: recipe for target 'cmTC_6279e/fast' failed
make: *** [cmTC_6279e/fast] Error 2

File /home/limgw/ros/test_crp7_5g/ZED_OPC_BRIDGE/CMM/build/CMakeFiles/CMakeTmp/CheckSymbolExists.c:
/* */
#include <pthread.h>

int main(int argc, char** argv)
{
  (void)argv;
#ifndef pthread_create
  return ((int*)(&pthread_create))[argc];
#else
  (void)argc;
  return 0;
#endif
}

Determining if the function pthread_create exists in the pthreads failed with the following output:
Change Dir: /home/limgw/ros/test_crp7_5g/ZED_OPC_BRIDGE/CMM/build/CMakeFiles/CMakeTmp

Run Build Command:"/usr/bin/make" "cmTC_df12f/fast"
/usr/bin/make -f CMakeFiles/cmTC_df12f.dir/build.make CMakeFiles/cmTC_df12f.dir/build
make[1]: Entering directory '/home/limgw/ros/test_crp7_5g/ZED_OPC_BRIDGE/CMM/build/CMakeFiles/CMakeTmp'
Building C object CMakeFiles/cmTC_df12f.dir/CheckFunctionExists.c.o
/usr/bin/cc   -DCHECK_FUNCTION_EXISTS=pthread_create   -o CMakeFiles/cmTC_df12f.dir/CheckFunctionExists.c.o   -c /usr/share/cmake-3.10/Modules/CheckFunctionExists.c
Linking C executable cmTC_df12f
/usr/bin/cmake -E cmake_link_script CMakeFiles/cmTC_df12f.dir/link.txt --verbose=1
/usr/bin/cc  -DCHECK_FUNCTION_EXISTS=pthread_create    -rdynamic CMakeFiles/cmTC_df12f.dir/CheckFunctionExists.c.o  -o cmTC_df12f -lpthreads 
/usr/bin/ld: cannot find -lpthreads
collect2: error: ld returned 1 exit status
CMakeFiles/cmTC_df12f.dir/build.make:97: recipe for target 'cmTC_df12f' failed
make[1]: *** [cmTC_df12f] Error 1
make[1]: Leaving directory '/home/limgw/ros/test_crp7_5g/ZED_OPC_BRIDGE/CMM/build/CMakeFiles/CMakeTmp'
Makefile:126: recipe for target 'cmTC_df12f/fast' failed
make: *** [cmTC_df12f/fast] Error 2


